0 info it worked if it ends with ok
1 verbose cli [ '/home/ubuntu/.nvm/v0.10.33/bin/node',
1 verbose cli   '/home/ubuntu/.nvm/v0.10.33/bin/npm',
1 verbose cli   'install',
1 verbose cli   'node-unit',
1 verbose cli   '--save-dev' ]
2 info using npm@1.4.28
3 info using node@v0.10.33
4 warn package.json node-boilerplate@1.0.0 No repository field.
5 verbose readDependencies using package.json deps
6 verbose cache add [ 'node-unit', null ]
7 verbose cache add name=undefined spec="node-unit" args=["node-unit",null]
8 verbose parsed url { protocol: null,
8 verbose parsed url   slashes: null,
8 verbose parsed url   auth: null,
8 verbose parsed url   host: null,
8 verbose parsed url   port: null,
8 verbose parsed url   hostname: null,
8 verbose parsed url   hash: null,
8 verbose parsed url   search: null,
8 verbose parsed url   query: null,
8 verbose parsed url   pathname: 'node-unit',
8 verbose parsed url   path: 'node-unit',
8 verbose parsed url   href: 'node-unit' }
9 silly lockFile 4f16e00a-node-unit node-unit
10 verbose lock node-unit /home/ubuntu/.npm/4f16e00a-node-unit.lock
11 silly lockFile 4f16e00a-node-unit node-unit
12 silly lockFile 4f16e00a-node-unit node-unit
13 verbose addNamed [ 'node-unit', '' ]
14 verbose addNamed [ null, '*' ]
15 silly lockFile 75cbe89c-node-unit node-unit@
16 verbose lock node-unit@ /home/ubuntu/.npm/75cbe89c-node-unit.lock
17 silly addNameRange { name: 'node-unit', range: '*', hasData: false }
18 verbose request where is /node-unit
19 verbose request registry https://registry.npmjs.org/
20 verbose request id 5907a7a5a1c52166
21 verbose url raw /node-unit
22 verbose url resolving [ 'https://registry.npmjs.org/', './node-unit' ]
23 verbose url resolved https://registry.npmjs.org/node-unit
24 verbose request where is https://registry.npmjs.org/node-unit
25 info trying registry request attempt 1 at 18:38:37
26 http GET https://registry.npmjs.org/node-unit
27 http 404 https://registry.npmjs.org/node-unit
28 verbose headers { server: 'CouchDB/1.5.0 (Erlang OTP/R16B03)',
28 verbose headers   'content-type': 'application/json',
28 verbose headers   'cache-control': 'max-age=0',
28 verbose headers   'content-length': '51',
28 verbose headers   'accept-ranges': 'bytes',
28 verbose headers   date: 'Sat, 23 May 2015 18:38:37 GMT',
28 verbose headers   via: '1.1 varnish',
28 verbose headers   age: '0',
28 verbose headers   connection: 'keep-alive',
28 verbose headers   'x-served-by': 'cache-fra1241-FRA',
28 verbose headers   'x-cache': 'MISS',
28 verbose headers   'x-cache-hits': '0',
28 verbose headers   'x-timer': 'S1432406317.666004,VS0,VE176' }
29 silly registry.get cb [ 404,
29 silly registry.get   { server: 'CouchDB/1.5.0 (Erlang OTP/R16B03)',
29 silly registry.get     'content-type': 'application/json',
29 silly registry.get     'cache-control': 'max-age=0',
29 silly registry.get     'content-length': '51',
29 silly registry.get     'accept-ranges': 'bytes',
29 silly registry.get     date: 'Sat, 23 May 2015 18:38:37 GMT',
29 silly registry.get     via: '1.1 varnish',
29 silly registry.get     age: '0',
29 silly registry.get     connection: 'keep-alive',
29 silly registry.get     'x-served-by': 'cache-fra1241-FRA',
29 silly registry.get     'x-cache': 'MISS',
29 silly registry.get     'x-cache-hits': '0',
29 silly registry.get     'x-timer': 'S1432406317.666004,VS0,VE176' } ]
30 silly lockFile 75cbe89c-node-unit node-unit@
31 silly lockFile 75cbe89c-node-unit node-unit@
32 error 404 404 Not Found: node-unit
32 error 404
32 error 404 'node-unit' is not in the npm registry.
32 error 404 You should bug the author to publish it
32 error 404 It was specified as a dependency of 'node-boilerplate'
32 error 404
32 error 404 Maybe try 'npm search unit'
32 error 404
32 error 404 Note that you can also install from a
32 error 404 tarball, folder, or http url, or git url.
33 error System Linux 3.14.13-c9
34 error command "/home/ubuntu/.nvm/v0.10.33/bin/node" "/home/ubuntu/.nvm/v0.10.33/bin/npm" "install" "node-unit" "--save-dev"
35 error cwd /home/ubuntu/workspace
36 error node -v v0.10.33
37 error npm -v 1.4.28
38 error code E404
39 verbose exit [ 1, true ]
